<?xml version="1.0" encoding="UTF-8"?>
<OfficeApp xmlns="http://schemas.microsoft.com/office/appforoffice/1.1" 
           xmlns:xsi="http://www.w3.org/2001/XMLSchema-instance" 
           xsi:type="MailApp">
  
  <Id>12345678-1234-5678-9abc-123456789012</Id>
  <Version>1.0.0.0</Version>
  <ProviderName>MaxFiles</ProviderName>
  <DefaultLocale>en-US</DefaultLocale>
  <DisplayName DefaultValue="MaxFiles Test"/>
  <Description DefaultValue="Simple test add-in"/>
  
  <Hosts>
    <Host Name="Mailbox"/>
  </Hosts>
  
  <Requirements>
    <Sets>
      <Set Name="Mailbox" MinVersion="1.1"/>
    </Sets>
  </Requirements>
  
  <FormSettings>
    <Form xsi:type="ItemRead">
      <DesktopSettings>
        <SourceLocation DefaultValue="https://mayowa-ola.github.io/maxfiles-outlook-app/index.html"/>
        <RequestedHeight>300</RequestedHeight>
      </DesktopSettings>
    </Form>
  </FormSettings>
  
  <Permissions>ReadItem</Permissions>
</OfficeApp>